<?xml version="1.0" ?>
<coverage version="6.4.4" timestamp="1680000000" lines-valid="100" lines-covered="85" line-rate="0.85" branches-covered="0" branches-valid="0" branch-rate="0" complexity="0">
	<packages>
		<package name="." line-rate="0.85" branch-rate="0" complexity="0">
			<classes>
				<class name="main.py" filename="main.py" line-rate="0.9" branch-rate="0" complexity="0">
					<methods/>
					<lines>
						<line number="1" hits="1"/>
						<line number="2" hits="1"/>
						<line number="3" hits="1"/>
						<line number="4" hits="1"/>
						<line number="5" hits="1"/>
						<line number="6" hits="1"/>
						<line number="7" hits="1"/>
						<line number="8" hits="1"/>
						<line number="9" hits="1"/>
						<line number="10" hits="0"/>
					</lines>
				</class>
				<class name="utils.py" filename="utils.py" line-rate="0.8" branch-rate="0" complexity="0">
					<methods/>
					<lines>
						<line number="1" hits="1"/>
						<line number="2" hits="1"/>
						<line number="3" hits="1"/>
						<line number="4" hits="1"/>
						<line number="5" hits="0"/>
					</lines>
				</class>
			</classes>
		</package>
	</packages>
</coverage>
