<?xml version="1.0" ?>
<coverage version="7.3.2" timestamp="1700000000" lines-valid="100" lines-covered="10" line-rate="0.1" branches-covered="0" branches-valid="0" branch-rate="0" complexity="0">
	<packages>
		<package name="." line-rate="0.1" branch-rate="0" complexity="0">
			<classes>
				<class name="main.py" filename="main.py" line-rate="0.1" branch-rate="0" complexity="0">
					<methods/>
					<lines>
						<line number="1" hits="1"/>
						<line number="2" hits="0"/>
						<line number="3" hits="0"/>
						<line number="4" hits="0"/>
						<line number="5" hits="0"/>
						<line number="6" hits="0"/>
						<line number="7" hits="0"/>
						<line number="8" hits="0"/>
						<line number="9" hits="0"/>
						<line number="10" hits="0"/>
					</lines>
				</class>
			</classes>
		</package>
	</packages>
</coverage>
